[debug] [2025-02-08T18:21:59.993Z] ----------------------------------------------------------------------
[debug] [2025-02-08T18:21:59.995Z] Command:       /opt/homebrew/Cellar/node/23.7.0/bin/node /opt/homebrew/bin/firebase init
[debug] [2025-02-08T18:21:59.995Z] CLI Version:   13.30.0
[debug] [2025-02-08T18:21:59.995Z] Platform:      darwin
[debug] [2025-02-08T18:21:59.995Z] Node Version:  v23.7.0
[debug] [2025-02-08T18:21:59.996Z] Time:          Sat Feb 08 2025 11:21:59 GMT-0700 (Mountain Standard Time)
[debug] [2025-02-08T18:21:59.996Z] ----------------------------------------------------------------------
[debug] 
[debug] [2025-02-08T18:22:00.000Z] > command requires scopes: ["email","openid","https://www.googleapis.com/auth/cloudplatformprojects.readonly","https://www.googleapis.com/auth/firebase","https://www.googleapis.com/auth/cloud-platform"]
[debug] [2025-02-08T18:22:00.000Z] > authorizing via signed-in user (starteya.pais@gmail.com)
[info] 
     ######## #### ########  ######## ########     ###     ######  ########
     ##        ##  ##     ## ##       ##     ##  ##   ##  ##       ##
     ######    ##  ########  ######   ########  #########  ######  ######
     ##        ##  ##    ##  ##       ##     ## ##     ##       ## ##
     ##       #### ##     ## ######## ########  ##     ##  ######  ########

You're about to initialize a Firebase project in this directory:

  /Users/starteyapais/Documents/SolicitedSpray/frontend

[info] 
=== Project Setup
[info] 
[info] First, let's associate this project directory with a Firebase project.
[info] You can create multiple project aliases by running firebase use --add, 
[info] but for now we'll just set up a default project.
[info] 
[debug] [2025-02-08T18:22:06.995Z] Checked if tokens are valid: true, expires at: 1739042301408
[debug] [2025-02-08T18:22:06.996Z] Checked if tokens are valid: true, expires at: 1739042301408
[debug] [2025-02-08T18:22:06.997Z] >>> [apiv2][query] GET https://firebase.googleapis.com/v1beta1/availableProjects pageSize=100
[debug] [2025-02-08T18:22:07.609Z] <<< [apiv2][status] GET https://firebase.googleapis.com/v1beta1/availableProjects 200
[debug] [2025-02-08T18:22:07.609Z] <<< [apiv2][body] GET https://firebase.googleapis.com/v1beta1/availableProjects [omitted]
[debug] [2025-02-08T18:22:09.165Z] Checked if tokens are valid: true, expires at: 1739042301408
[debug] [2025-02-08T18:22:09.165Z] Checked if tokens are valid: true, expires at: 1739042301408
[debug] [2025-02-08T18:22:09.165Z] >>> [apiv2][query] POST https://firebase.googleapis.com/v1beta1/projects/solicitedspray:addFirebase [none]
[debug] [2025-02-08T18:22:09.269Z] <<< [apiv2][status] POST https://firebase.googleapis.com/v1beta1/projects/solicitedspray:addFirebase 403
[debug] [2025-02-08T18:22:09.269Z] <<< [apiv2][body] POST https://firebase.googleapis.com/v1beta1/projects/solicitedspray:addFirebase {"error":{"code":403,"message":"The caller does not have permission","status":"PERMISSION_DENIED"}}
[debug] [2025-02-08T18:22:09.269Z] Request to https://firebase.googleapis.com/v1beta1/projects/solicitedspray:addFirebase had HTTP Error: 403, The caller does not have permission
[debug] [2025-02-08T18:22:09.271Z] FirebaseError: Request to https://firebase.googleapis.com/v1beta1/projects/solicitedspray:addFirebase had HTTP Error: 403, The caller does not have permission
    at responseToError (/opt/homebrew/lib/node_modules/firebase-tools/lib/responseToError.js:52:12)
    at RetryOperation._fn (/opt/homebrew/lib/node_modules/firebase-tools/lib/apiv2.js:312:77)
    at process.processTicksAndRejections (node:internal/process/task_queues:105:5)
[error] 
[error] Error: Failed to add Firebase to Google Cloud Platform project. See firebase-debug.log for more info.
